<?xml version="1.0" encoding="UTF-8"?>
<testng-results skipped="0" failed="0" total="1" passed="1">
  <reporter-output>
  </reporter-output>
  <suite name="Default suite" duration-ms="116299" started-at="2019-04-01T11:40:51Z" finished-at="2019-04-01T11:42:47Z">
    <groups>
    </groups>
    <test name="Default test" duration-ms="116299" started-at="2019-04-01T11:40:51Z" finished-at="2019-04-01T11:42:47Z">
      <class name="makeMyTrip.LoginTest">
        <test-method status="PASS" signature="setupBrowser()[pri:0, instance:makeMyTrip.LoginTest@12b0404f]" name="setupBrowser" is-config="true" duration-ms="27281" started-at="2019-04-01T17:10:51Z" finished-at="2019-04-01T17:11:18Z">
          <reporter-output>
          </reporter-output>
        </test-method> <!-- setupBrowser -->
        <test-method status="PASS" signature="login()[pri:0, instance:makeMyTrip.LoginTest@12b0404f]" name="login" duration-ms="88999" started-at="2019-04-01T17:11:18Z" finished-at="2019-04-01T17:12:47Z">
          <reporter-output>
          </reporter-output>
        </test-method> <!-- login -->
      </class> <!-- makeMyTrip.LoginTest -->
    </test> <!-- Default test -->
  </suite> <!-- Default suite -->
</testng-results>
